<?xml version="1.0" encoding="UTF-8"?>
<!-- Generated by org.testng.reporters.JUnitReportReporter -->
<testsuite hostname="DESKTOP-5A5ROCQ" failures="0" tests="1" name="StarAgilePractice.PracticeAssignments.AssignQ2LoginPage" time="5.318" errors="0" timestamp="2024-05-22T20:17:28 IST" skipped="0">
  <testcase classname="StarAgilePractice.PracticeAssignments.AssignQ2LoginPage" name="testLogin" time="5.318"/>
</testsuite> <!-- StarAgilePractice.PracticeAssignments.AssignQ2LoginPage -->
